<?xml version="1.0" encoding="UTF-8"?>
<!-- Generated by org.testng.reporters.JUnitReportReporter -->
<testsuite hostname="RENUKA" failures="0" tests="2" name="testCases.TC_003_LoginDDT" time="25.535" errors="0" timestamp="2023-07-02T13:29:19 IST" skipped="0">
  <testcase classname="testCases.TC_003_LoginDDT" name="test_loginDDT" time="14.033"/>
  <system-out/>
  <testcase classname="testCases.TC_003_LoginDDT" name="test_loginDDT" time="11.502"/>
  <system-out/>
</testsuite> <!-- testCases.TC_003_LoginDDT -->
