<?xml version="1.0" encoding="UTF-8"?>
<!-- Generated by org.testng.reporters.JUnitReportReporter -->
<testsuite hostname="RENUKA" failures="0" tests="3" name="testCases.TC_002_ForgotPasswordLinkTest" time="8.287" errors="0" timestamp="2023-07-02T13:08:51 IST" skipped="0">
  <testcase classname="testCases.TC_002_ForgotPasswordLinkTest" name="forgotPassword" time="3.521"/>
  <system-out/>
  <testcase classname="testCases.TC_002_ForgotPasswordLinkTest" name="ResetPassword" time="0.998"/>
  <system-out/>
  <testcase classname="testCases.TC_002_ForgotPasswordLinkTest" name="CancelResetpass" time="3.768"/>
  <system-out/>
</testsuite> <!-- testCases.TC_002_ForgotPasswordLinkTest -->
