<?xml version="1.0" encoding="UTF-8"?>
<!-- Generated by org.testng.reporters.JUnitReportReporter -->
<testsuite hostname="RENUKA" failures="0" tests="1" name="testCases.TC_001_LoginTest" time="0.059" errors="0" timestamp="2023-07-02T14:36:26 IST" skipped="0">
  <testcase classname="testCases.TC_001_LoginTest" name="UserLogin" time="0.059"/>
  <system-out/>
</testsuite> <!-- testCases.TC_001_LoginTest -->
